Determining if the pthread_create exist failed with the following output:
Change Dir: /home/rock/ProjectX/ROS/src/rososc/diagnostics_handler/build/CMakeFiles/CMakeTmp

Run Build Command:/usr/bin/make "cmTryCompileExec2332161220/fast"
make[1]: Entering directory `/home/rock/ProjectX/ROS/src/rososc/diagnostics_handler/build/CMakeFiles/CMakeTmp'
/usr/bin/make -f CMakeFiles/cmTryCompileExec2332161220.dir/build.make CMakeFiles/cmTryCompileExec2332161220.dir/build
make[2]: Entering directory `/home/rock/ProjectX/ROS/src/rososc/diagnostics_handler/build/CMakeFiles/CMakeTmp'
/usr/bin/cmake -E cmake_progress_report /home/rock/ProjectX/ROS/src/rososc/diagnostics_handler/build/CMakeFiles/CMakeTmp/CMakeFiles 1
Building C object CMakeFiles/cmTryCompileExec2332161220.dir/CheckSymbolExists.c.o
/usr/bin/cc    -o CMakeFiles/cmTryCompileExec2332161220.dir/CheckSymbolExists.c.o   -c /home/rock/ProjectX/ROS/src/rososc/diagnostics_handler/build/CMakeFiles/CMakeTmp/CheckSymbolExists.c
Linking C executable cmTryCompileExec2332161220
/usr/bin/cmake -E cmake_link_script CMakeFiles/cmTryCompileExec2332161220.dir/link.txt --verbose=1
/usr/bin/cc       CMakeFiles/cmTryCompileExec2332161220.dir/CheckSymbolExists.c.o  -o cmTryCompileExec2332161220 -rdynamic 
CMakeFiles/cmTryCompileExec2332161220.dir/CheckSymbolExists.c.o: In function `main':
CheckSymbolExists.c:(.text+0xe): undefined reference to `pthread_create'
CheckSymbolExists.c:(.text+0x12): undefined reference to `pthread_create'
collect2: error: ld returned 1 exit status
make[2]: Leaving directory `/home/rock/ProjectX/ROS/src/rososc/diagnostics_handler/build/CMakeFiles/CMakeTmp'
make[2]: *** [cmTryCompileExec2332161220] Error 1
make[1]: Leaving directory `/home/rock/ProjectX/ROS/src/rososc/diagnostics_handler/build/CMakeFiles/CMakeTmp'
make[1]: *** [cmTryCompileExec2332161220/fast] Error 2

File /home/rock/ProjectX/ROS/src/rososc/diagnostics_handler/build/CMakeFiles/CMakeTmp/CheckSymbolExists.c:
/* */
#include <pthread.h>

int main(int argc, char** argv)
{
  (void)argv;
#ifndef pthread_create
  return ((int*)(&pthread_create))[argc];
#else
  (void)argc;
  return 0;
#endif
}

Determining if the function pthread_create exists in the pthreads failed with the following output:
Change Dir: /home/rock/ProjectX/ROS/src/rososc/diagnostics_handler/build/CMakeFiles/CMakeTmp

Run Build Command:/usr/bin/make "cmTryCompileExec3826482619/fast"
make[1]: Entering directory `/home/rock/ProjectX/ROS/src/rososc/diagnostics_handler/build/CMakeFiles/CMakeTmp'
/usr/bin/make -f CMakeFiles/cmTryCompileExec3826482619.dir/build.make CMakeFiles/cmTryCompileExec3826482619.dir/build
make[2]: Entering directory `/home/rock/ProjectX/ROS/src/rososc/diagnostics_handler/build/CMakeFiles/CMakeTmp'
/usr/bin/cmake -E cmake_progress_report /home/rock/ProjectX/ROS/src/rososc/diagnostics_handler/build/CMakeFiles/CMakeTmp/CMakeFiles 1
Building C object CMakeFiles/cmTryCompileExec3826482619.dir/CheckFunctionExists.c.o
/usr/bin/cc   -DCHECK_FUNCTION_EXISTS=pthread_create   -o CMakeFiles/cmTryCompileExec3826482619.dir/CheckFunctionExists.c.o   -c /usr/share/cmake-2.8/Modules/CheckFunctionExists.c
Linking C executable cmTryCompileExec3826482619
/usr/bin/cmake -E cmake_link_script CMakeFiles/cmTryCompileExec3826482619.dir/link.txt --verbose=1
/usr/bin/cc   -DCHECK_FUNCTION_EXISTS=pthread_create    CMakeFiles/cmTryCompileExec3826482619.dir/CheckFunctionExists.c.o  -o cmTryCompileExec3826482619 -rdynamic -lpthreads 
/usr/bin/ld: cannot find -lpthreads
collect2: error: ld returned 1 exit status
make[2]: Leaving directory `/home/rock/ProjectX/ROS/src/rososc/diagnostics_handler/build/CMakeFiles/CMakeTmp'
make[2]: *** [cmTryCompileExec3826482619] Error 1
make[1]: Leaving directory `/home/rock/ProjectX/ROS/src/rososc/diagnostics_handler/build/CMakeFiles/CMakeTmp'
make[1]: *** [cmTryCompileExec3826482619/fast] Error 2


