Determining if the pthread_create exist failed with the following output:
Change Dir: /home/kaaninan/ProjectX/ROS/src/rososc/osc_bridge/build/CMakeFiles/CMakeTmp

Run Build Command:/usr/bin/make "cmTryCompileExec1930173475/fast"
make[1]:`/home/kaaninan/ProjectX/ROS/src/rososc/osc_bridge/build/CMakeFiles/CMakeTmp' dizinine giriliyor
/usr/bin/make -f CMakeFiles/cmTryCompileExec1930173475.dir/build.make CMakeFiles/cmTryCompileExec1930173475.dir/build
make[2]:`/home/kaaninan/ProjectX/ROS/src/rososc/osc_bridge/build/CMakeFiles/CMakeTmp' dizinine giriliyor
/usr/bin/cmake -E cmake_progress_report /home/kaaninan/ProjectX/ROS/src/rososc/osc_bridge/build/CMakeFiles/CMakeTmp/CMakeFiles 1
Building C object CMakeFiles/cmTryCompileExec1930173475.dir/CheckSymbolExists.c.o
/usr/bin/cc    -o CMakeFiles/cmTryCompileExec1930173475.dir/CheckSymbolExists.c.o   -c /home/kaaninan/ProjectX/ROS/src/rososc/osc_bridge/build/CMakeFiles/CMakeTmp/CheckSymbolExists.c
Linking C executable cmTryCompileExec1930173475
/usr/bin/cmake -E cmake_link_script CMakeFiles/cmTryCompileExec1930173475.dir/link.txt --verbose=1
/usr/bin/cc       CMakeFiles/cmTryCompileExec1930173475.dir/CheckSymbolExists.c.o  -o cmTryCompileExec1930173475 -rdynamic 
CMakeFiles/cmTryCompileExec1930173475.dir/CheckSymbolExists.c.o: In function `main':
CheckSymbolExists.c:(.text+0x16): undefined reference to `pthread_create'
collect2: error: ld returned 1 exit status
make[2]: `/home/kaaninan/ProjectX/ROS/src/rososc/osc_bridge/build/CMakeFiles/CMakeTmp' dizininden çıkılıyor
make[2]: *** [cmTryCompileExec1930173475] Hata 1
make[1]: `/home/kaaninan/ProjectX/ROS/src/rososc/osc_bridge/build/CMakeFiles/CMakeTmp' dizininden çıkılıyor
make[1]: *** [cmTryCompileExec1930173475/fast] Hata 2

File /home/kaaninan/ProjectX/ROS/src/rososc/osc_bridge/build/CMakeFiles/CMakeTmp/CheckSymbolExists.c:
/* */
#include <pthread.h>

int main(int argc, char** argv)
{
  (void)argv;
#ifndef pthread_create
  return ((int*)(&pthread_create))[argc];
#else
  (void)argc;
  return 0;
#endif
}

Determining if the function pthread_create exists in the pthreads failed with the following output:
Change Dir: /home/kaaninan/ProjectX/ROS/src/rososc/osc_bridge/build/CMakeFiles/CMakeTmp

Run Build Command:/usr/bin/make "cmTryCompileExec2335513407/fast"
make[1]:`/home/kaaninan/ProjectX/ROS/src/rososc/osc_bridge/build/CMakeFiles/CMakeTmp' dizinine giriliyor
/usr/bin/make -f CMakeFiles/cmTryCompileExec2335513407.dir/build.make CMakeFiles/cmTryCompileExec2335513407.dir/build
make[2]:`/home/kaaninan/ProjectX/ROS/src/rososc/osc_bridge/build/CMakeFiles/CMakeTmp' dizinine giriliyor
/usr/bin/cmake -E cmake_progress_report /home/kaaninan/ProjectX/ROS/src/rososc/osc_bridge/build/CMakeFiles/CMakeTmp/CMakeFiles 1
Building C object CMakeFiles/cmTryCompileExec2335513407.dir/CheckFunctionExists.c.o
/usr/bin/cc   -DCHECK_FUNCTION_EXISTS=pthread_create   -o CMakeFiles/cmTryCompileExec2335513407.dir/CheckFunctionExists.c.o   -c /usr/share/cmake-2.8/Modules/CheckFunctionExists.c
Linking C executable cmTryCompileExec2335513407
/usr/bin/cmake -E cmake_link_script CMakeFiles/cmTryCompileExec2335513407.dir/link.txt --verbose=1
/usr/bin/cc   -DCHECK_FUNCTION_EXISTS=pthread_create    CMakeFiles/cmTryCompileExec2335513407.dir/CheckFunctionExists.c.o  -o cmTryCompileExec2335513407 -rdynamic -lpthreads 
/usr/bin/ld: cannot find -lpthreads
collect2: error: ld returned 1 exit status
make[2]: *** [cmTryCompileExec2335513407] Hata 1
make[2]: `/home/kaaninan/ProjectX/ROS/src/rososc/osc_bridge/build/CMakeFiles/CMakeTmp' dizininden çıkılıyor
make[1]: `/home/kaaninan/ProjectX/ROS/src/rososc/osc_bridge/build/CMakeFiles/CMakeTmp' dizininden çıkılıyor
make[1]: *** [cmTryCompileExec2335513407/fast] Hata 2


