Determining if the pthread_create exist failed with the following output:
Change Dir: /home/kaaninan/ProjectX/ROS/src/rososc/touchosc_msgs/build/CMakeFiles/CMakeTmp

Run Build Command:/usr/bin/make "cmTryCompileExec4269858295/fast"
make[1]:`/home/kaaninan/ProjectX/ROS/src/rososc/touchosc_msgs/build/CMakeFiles/CMakeTmp' dizinine giriliyor
/usr/bin/make -f CMakeFiles/cmTryCompileExec4269858295.dir/build.make CMakeFiles/cmTryCompileExec4269858295.dir/build
make[2]:`/home/kaaninan/ProjectX/ROS/src/rososc/touchosc_msgs/build/CMakeFiles/CMakeTmp' dizinine giriliyor
/usr/bin/cmake -E cmake_progress_report /home/kaaninan/ProjectX/ROS/src/rososc/touchosc_msgs/build/CMakeFiles/CMakeTmp/CMakeFiles 1
Building C object CMakeFiles/cmTryCompileExec4269858295.dir/CheckSymbolExists.c.o
/usr/bin/cc    -o CMakeFiles/cmTryCompileExec4269858295.dir/CheckSymbolExists.c.o   -c /home/kaaninan/ProjectX/ROS/src/rososc/touchosc_msgs/build/CMakeFiles/CMakeTmp/CheckSymbolExists.c
Linking C executable cmTryCompileExec4269858295
/usr/bin/cmake -E cmake_link_script CMakeFiles/cmTryCompileExec4269858295.dir/link.txt --verbose=1
/usr/bin/cc       CMakeFiles/cmTryCompileExec4269858295.dir/CheckSymbolExists.c.o  -o cmTryCompileExec4269858295 -rdynamic 
CMakeFiles/cmTryCompileExec4269858295.dir/CheckSymbolExists.c.o: In function `main':
CheckSymbolExists.c:(.text+0x16): undefined reference to `pthread_create'
collect2: error: ld returned 1 exit status
make[2]: *** [cmTryCompileExec4269858295] Hata 1
make[2]: `/home/kaaninan/ProjectX/ROS/src/rososc/touchosc_msgs/build/CMakeFiles/CMakeTmp' dizininden çıkılıyor
make[1]: *** [cmTryCompileExec4269858295/fast] Hata 2
make[1]: `/home/kaaninan/ProjectX/ROS/src/rososc/touchosc_msgs/build/CMakeFiles/CMakeTmp' dizininden çıkılıyor

File /home/kaaninan/ProjectX/ROS/src/rososc/touchosc_msgs/build/CMakeFiles/CMakeTmp/CheckSymbolExists.c:
/* */
#include <pthread.h>

int main(int argc, char** argv)
{
  (void)argv;
#ifndef pthread_create
  return ((int*)(&pthread_create))[argc];
#else
  (void)argc;
  return 0;
#endif
}

Determining if the function pthread_create exists in the pthreads failed with the following output:
Change Dir: /home/kaaninan/ProjectX/ROS/src/rososc/touchosc_msgs/build/CMakeFiles/CMakeTmp

Run Build Command:/usr/bin/make "cmTryCompileExec3574621110/fast"
make[1]:`/home/kaaninan/ProjectX/ROS/src/rososc/touchosc_msgs/build/CMakeFiles/CMakeTmp' dizinine giriliyor
/usr/bin/make -f CMakeFiles/cmTryCompileExec3574621110.dir/build.make CMakeFiles/cmTryCompileExec3574621110.dir/build
make[2]:`/home/kaaninan/ProjectX/ROS/src/rososc/touchosc_msgs/build/CMakeFiles/CMakeTmp' dizinine giriliyor
/usr/bin/cmake -E cmake_progress_report /home/kaaninan/ProjectX/ROS/src/rososc/touchosc_msgs/build/CMakeFiles/CMakeTmp/CMakeFiles 1
Building C object CMakeFiles/cmTryCompileExec3574621110.dir/CheckFunctionExists.c.o
/usr/bin/cc   -DCHECK_FUNCTION_EXISTS=pthread_create   -o CMakeFiles/cmTryCompileExec3574621110.dir/CheckFunctionExists.c.o   -c /usr/share/cmake-2.8/Modules/CheckFunctionExists.c
Linking C executable cmTryCompileExec3574621110
/usr/bin/cmake -E cmake_link_script CMakeFiles/cmTryCompileExec3574621110.dir/link.txt --verbose=1
/usr/bin/cc   -DCHECK_FUNCTION_EXISTS=pthread_create    CMakeFiles/cmTryCompileExec3574621110.dir/CheckFunctionExists.c.o  -o cmTryCompileExec3574621110 -rdynamic -lpthreads 
/usr/bin/ld: cannot find -lpthreads
collect2: error: ld returned 1 exit status
make[2]: *** [cmTryCompileExec3574621110] Hata 1
make[2]: `/home/kaaninan/ProjectX/ROS/src/rososc/touchosc_msgs/build/CMakeFiles/CMakeTmp' dizininden çıkılıyor
make[1]: *** [cmTryCompileExec3574621110/fast] Hata 2
make[1]: `/home/kaaninan/ProjectX/ROS/src/rososc/touchosc_msgs/build/CMakeFiles/CMakeTmp' dizininden çıkılıyor


